#
# There is insufficient memory for the Java Runtime Environment to continue.
# Native memory allocation (malloc) failed to allocate 1048576 bytes. Error detail: AllocateHeap
# Possible reasons:
#   The system is out of physical RAM or swap space
#   This process is running with CompressedOops enabled, and the Java Heap may be blocking the growth of the native heap
# Possible solutions:
#   Reduce memory load on the system
#   Increase physical memory or swap space
#   Check if swap backing store is full
#   Decrease Java heap size (-Xmx/-Xms)
#   Decrease number of Java threads
#   Decrease Java thread stack sizes (-Xss)
#   Set larger code cache with -XX:ReservedCodeCacheSize=
#   JVM is running with Unscaled Compressed Oops mode in which the Java heap is
#     placed in the first 4GB address space. The Java Heap base address is the
#     maximum limit for the native heap growth. Please use -XX:HeapBaseMinAddress
#     to set the Java Heap base and to place the Java Heap above 4GB virtual address.
# This output file may be truncated or incomplete.
#
#  Out of Memory Error (allocation.cpp:44), pid=11628, tid=13352
#
# JRE version: OpenJDK Runtime Environment Temurin-21.0.8+9 (21.0.8+9) (build 21.0.8+9-LTS)
# Java VM: OpenJDK 64-Bit Server VM Temurin-21.0.8+9 (21.0.8+9-LTS, mixed mode, sharing, tiered, compressed oops, compressed class ptrs, parallel gc, windows-amd64)
# No core dump will be written. Minidumps are not enabled by default on client versions of Windows
#

---------------  S U M M A R Y ------------

Command Line: --add-modules=ALL-SYSTEM --add-opens=java.base/java.util=ALL-UNNAMED --add-opens=java.base/java.lang=ALL-UNNAMED --add-opens=java.base/sun.nio.fs=ALL-UNNAMED -Declipse.application=org.eclipse.jdt.ls.core.id1 -Dosgi.bundles.defaultStartLevel=4 -Declipse.product=org.eclipse.jdt.ls.core.product -Djava.import.generatesMetadataFilesAtProjectRoot=false -DDetectVMInstallationsJob.disabled=true -Dfile.encoding=utf8 -XX:+UseParallelGC -XX:GCTimeRatio=4 -XX:AdaptiveSizePolicyWeight=90 -Dsun.zip.disableMemoryMapping=true -Xmx2G -Xms100m -Xlog:disable -javaagent:c:\Users\supriya singh\.vscode\extensions\redhat.java-1.44.0-win32-x64\lombok\lombok-1.18.39-4050.jar -XX:+HeapDumpOnOutOfMemoryError -XX:HeapDumpPath=c:\Users\supriya singh\AppData\Roaming\Code\User\workspaceStorage\f168fe3ed9ce20fafc18475dc6d56a86\redhat.java -Daether.dependencyCollector.impl=bf c:\Users\supriya singh\.vscode\extensions\redhat.java-1.44.0-win32-x64\server\plugins\org.eclipse.equinox.launcher_1.7.0.v20250519-0528.jar -configuration c:\Users\supriya singh\AppData\Roaming\Code\User\globalStorage\redhat.java\1.44.0\config_win -data c:\Users\supriya singh\AppData\Roaming\Code\User\workspaceStorage\f168fe3ed9ce20fafc18475dc6d56a86\redhat.java\jdt_ws --pipe=\\.\pipe\lsp-2b8e6f9a35a4fe133dd46159a3ae8ac3-sock

Host: 11th Gen Intel(R) Core(TM) i5-1135G7 @ 2.40GHz, 8 cores, 7G,  Windows 11 , 64 bit Build 22621 (10.0.22621.5415)
Time: Thu Aug 14 21:44:35 2025 India Standard Time elapsed time: 112510.127131 seconds (1d 7h 15m 10s)

---------------  T H R E A D  ---------------

Current thread (0x000001ef990013e0):  JavaThread "Attach Listener" daemon [_thread_in_vm, id=13352, stack(0x0000008357100000,0x0000008357200000) (1024K)]

Stack: [0x0000008357100000,0x0000008357200000]
Native frames: (J=compiled Java code, j=interpreted, Vv=VM code, C=native code)
V  [jvm.dll+0x6d2449]
V  [jvm.dll+0x8ae341]
V  [jvm.dll+0x8b08be]
V  [jvm.dll+0x8b0fa3]
V  [jvm.dll+0x280c96]
V  [jvm.dll+0xc0347]
V  [jvm.dll+0x6d2cf9]
V  [jvm.dll+0x131116]
V  [jvm.dll+0x3f2d16]
V  [jvm.dll+0x857e6b]
V  [jvm.dll+0x6d0b0d]
C  [ucrtbase.dll+0x29333]
C  [KERNEL32.DLL+0x1259d]
C  [ntdll.dll+0x5af78]


---------------  P R O C E S S  ---------------

Threads class SMR info:
_java_thread_list=0x000001ef9ea93a30, length=35, elements={
0x000001ef38c96710, 0x000001ef3b0f9ba0, 0x000001ef3b0fd290, 0x000001ef990006d0,
0x000001ef990013e0, 0x000001ef99003d40, 0x000001ef99007680, 0x000001ef9900d880,
0x000001ef9900e4c0, 0x000001ef3b1fc4c0, 0x000001ef9935a7a0, 0x000001ef99cbb200,
0x000001ef99997210, 0x000001ef994a4b90, 0x000001ef994a4500, 0x000001ef994a1da0,
0x000001ef994a2430, 0x000001ef994a37e0, 0x000001ef99b9ed30, 0x000001ef99b997e0,
0x000001ef99b9cc60, 0x000001ef99b9fa50, 0x000001ef99b99e70, 0x000001ef99b9e6a0,
0x000001ef99b99150, 0x000001ef99b9e010, 0x000001ef99b9c5d0, 0x000001ef99b9b220,
0x000001ef99b9ab90, 0x000001ef99b9d980, 0x000001ef99b9a500, 0x000001ef99ba00e0,
0x000001ef9a345fe0, 0x000001ef9a34a810, 0x000001ef9a348740
}

Java Threads: ( => current thread )
  0x000001ef38c96710 JavaThread "main"                              [_thread_blocked, id=6796, stack(0x0000008356900000,0x0000008356a00000) (1024K)]
  0x000001ef3b0f9ba0 JavaThread "Reference Handler"          daemon [_thread_blocked, id=20308, stack(0x0000008356e00000,0x0000008356f00000) (1024K)]
  0x000001ef3b0fd290 JavaThread "Finalizer"                  daemon [_thread_blocked, id=25688, stack(0x0000008356f00000,0x0000008357000000) (1024K)]
  0x000001ef990006d0 JavaThread "Signal Dispatcher"          daemon [_thread_blocked, id=2996, stack(0x0000008357000000,0x0000008357100000) (1024K)]
=>0x000001ef990013e0 JavaThread "Attach Listener"            daemon [_thread_in_vm, id=13352, stack(0x0000008357100000,0x0000008357200000) (1024K)]
  0x000001ef99003d40 JavaThread "Service Thread"             daemon [_thread_blocked, id=3356, stack(0x0000008357200000,0x0000008357300000) (1024K)]
  0x000001ef99007680 JavaThread "Monitor Deflation Thread"   daemon [_thread_blocked, id=10772, stack(0x0000008357300000,0x0000008357400000) (1024K)]
  0x000001ef9900d880 JavaThread "C2 CompilerThread0"         daemon [_thread_blocked, id=19180, stack(0x0000008357400000,0x0000008357500000) (1024K)]
  0x000001ef9900e4c0 JavaThread "C1 CompilerThread0"         daemon [_thread_blocked, id=29576, stack(0x0000008357500000,0x0000008357600000) (1024K)]
  0x000001ef3b1fc4c0 JavaThread "Common-Cleaner"             daemon [_thread_blocked, id=24948, stack(0x0000008357600000,0x0000008357700000) (1024K)]
  0x000001ef9935a7a0 JavaThread "Notification Thread"        daemon [_thread_blocked, id=6552, stack(0x0000008357700000,0x0000008357800000) (1024K)]
  0x000001ef99cbb200 JavaThread "Active Thread: Equinox Container: b1787e1e-af89-4cf9-a19f-226bc0b4907b"        [_thread_blocked, id=22416, stack(0x0000008358500000,0x0000008358600000) (1024K)]
  0x000001ef99997210 JavaThread "Framework Event Dispatcher: Equinox Container: b1787e1e-af89-4cf9-a19f-226bc0b4907b" daemon [_thread_blocked, id=30236, stack(0x0000008357800000,0x0000008357900000) (1024K)]
  0x000001ef994a4b90 JavaThread "Start Level: Equinox Container: b1787e1e-af89-4cf9-a19f-226bc0b4907b" daemon [_thread_blocked, id=13216, stack(0x0000008358700000,0x0000008358800000) (1024K)]
  0x000001ef994a4500 JavaThread "Refresh Thread: Equinox Container: b1787e1e-af89-4cf9-a19f-226bc0b4907b" daemon [_thread_blocked, id=2620, stack(0x0000008358900000,0x0000008358a00000) (1024K)]
  0x000001ef994a1da0 JavaThread "Bundle File Closer"         daemon [_thread_blocked, id=27268, stack(0x0000008358800000,0x0000008358900000) (1024K)]
  0x000001ef994a2430 JavaThread "SCR Component Actor"        daemon [_thread_blocked, id=5148, stack(0x0000008358c00000,0x0000008358d00000) (1024K)]
  0x000001ef994a37e0 JavaThread "Worker-JM"                         [_thread_blocked, id=21812, stack(0x0000008358f00000,0x0000008359000000) (1024K)]
  0x000001ef99b9ed30 JavaThread "Java indexing"              daemon [_thread_blocked, id=8736, stack(0x0000008359200000,0x0000008359300000) (1024K)]
  0x000001ef99b997e0 JavaThread "JNA Cleaner"                daemon [_thread_blocked, id=1812, stack(0x0000008359300000,0x0000008359400000) (1024K)]
  0x000001ef99b9cc60 JavaThread "Thread-2"                   daemon [_thread_in_native, id=26200, stack(0x0000008359600000,0x0000008359700000) (1024K)]
  0x000001ef99b9fa50 JavaThread "Thread-3"                   daemon [_thread_in_native, id=14604, stack(0x0000008359700000,0x0000008359800000) (1024K)]
  0x000001ef99b99e70 JavaThread "Thread-4"                   daemon [_thread_in_native, id=25276, stack(0x0000008359800000,0x0000008359900000) (1024K)]
  0x000001ef99b9e6a0 JavaThread "Thread-5"                   daemon [_thread_in_native, id=16616, stack(0x0000008359900000,0x0000008359a00000) (1024K)]
  0x000001ef99b99150 JavaThread "Thread-6"                   daemon [_thread_in_native, id=10588, stack(0x0000008359a00000,0x0000008359b00000) (1024K)]
  0x000001ef99b9e010 JavaThread "Thread-7"                   daemon [_thread_in_native, id=13232, stack(0x0000008359b00000,0x0000008359c00000) (1024K)]
  0x000001ef99b9c5d0 JavaThread "Thread-8"                   daemon [_thread_in_native, id=24180, stack(0x0000008359c00000,0x0000008359d00000) (1024K)]
  0x000001ef99b9b220 JavaThread "Thread-9"                   daemon [_thread_in_native, id=27668, stack(0x0000008359d00000,0x0000008359e00000) (1024K)]
  0x000001ef99b9ab90 JavaThread "Thread-10"                  daemon [_thread_in_native, id=30124, stack(0x0000008359e00000,0x0000008359f00000) (1024K)]
  0x000001ef99b9d980 JavaThread "pool-2-thread-1"                   [_thread_blocked, id=15080, stack(0x0000008359f00000,0x000000835a000000) (1024K)]
  0x000001ef99b9a500 JavaThread "WorkspaceEventsHandler"            [_thread_blocked, id=31188, stack(0x000000835a000000,0x000000835a100000) (1024K)]
  0x000001ef99ba00e0 JavaThread "pool-1-thread-1"                   [_thread_blocked, id=32256, stack(0x000000835a100000,0x000000835a200000) (1024K)]
  0x000001ef9a345fe0 JavaThread "Cleaner-0"                  daemon [_thread_blocked, id=30108, stack(0x0000008358300000,0x0000008358400000) (1024K)]
  0x000001ef9a34a810 JavaThread "Worker-16"                         [_thread_blocked, id=3368, stack(0x0000008357f00000,0x0000008358000000) (1024K)]
  0x000001ef9a348740 JavaThread "Worker-20"                         [_thread_blocked, id=29400, stack(0x0000008358000000,0x0000008358100000) (1024K)]
Total: 35

Other Threads:
  0x000001ef3b0e47c0 VMThread "VM Thread"                           [id=25860, stack(0x0000008356d00000,0x0000008356e00000) (1024K)]
  0x000001ef3b1fa830 WatcherThread "VM Periodic Task Thread"        [id=16920, stack(0x0000008356c00000,0x0000008356d00000) (1024K)]
  0x000001ef3b1abf20 WorkerThread "GC Thread#0"                     [id=16528, stack(0x0000008356b00000,0x0000008356c00000) (1024K)]
  0x000001ef9935db90 WorkerThread "GC Thread#1"                     [id=32144, stack(0x0000008357900000,0x0000008357a00000) (1024K)]
  0x000001ef9935df30 WorkerThread "GC Thread#2"                     [id=26620, stack(0x0000008357a00000,0x0000008357b00000) (1024K)]
  0x000001ef9935e2d0 WorkerThread "GC Thread#3"                     [id=25216, stack(0x0000008357b00000,0x0000008357c00000) (1024K)]
  0x000001ef9935e670 WorkerThread "GC Thread#4"                     [id=25312, stack(0x0000008357c00000,0x0000008357d00000) (1024K)]
  0x000001ef99c2d8f0 WorkerThread "GC Thread#5"                     [id=23944, stack(0x0000008357d00000,0x0000008357e00000) (1024K)]
  0x000001ef99c2dc90 WorkerThread "GC Thread#6"                     [id=3148, stack(0x0000008357e00000,0x0000008357f00000) (1024K)]
  0x000001ef9996f960 WorkerThread "GC Thread#7"                     [id=27964, stack(0x0000008358600000,0x0000008358700000) (1024K)]
Total: 10

Threads with active compile tasks:
Total: 0

VM state: not at safepoint (normal execution)

VM Mutex/Monitor currently owned by a thread: None

Heap address: 0x0000000080000000, size: 2048 MB, Compressed Oops mode: 32-bit

CDS archive(s) mapped at: [0x000001ef52000000-0x000001ef52ba0000-0x000001ef52ba0000), size 12189696, SharedBaseAddress: 0x000001ef52000000, ArchiveRelocationMode: 1.
Compressed class space mapped at: 0x000001ef53000000-0x000001ef93000000, reserved size: 1073741824
Narrow klass base: 0x000001ef52000000, Narrow klass shift: 0, Narrow klass range: 0x100000000

GC Precious Log:
 CardTable entry size: 512
 CPUs: 8 total, 8 available
 Memory: 7975M
 Large Page Support: Disabled
 NUMA Support: Disabled
 Compressed Oops: Enabled (32-bit)
 Alignments: Space 512K, Generation 512K, Heap 2M
 Heap Min Capacity: 100M
 Heap Initial Capacity: 100M
 Heap Max Capacity: 2G
 Pre-touch: Disabled
 Parallel Workers: 8

Heap:
 PSYoungGen      total 9216K, used 8559K [0x00000000d5580000, 0x00000000d6000000, 0x0000000100000000)
  eden space 7680K, 96% used [0x00000000d5580000,0x00000000d5cc4a38,0x00000000d5d00000)
  from space 1536K, 72% used [0x00000000d5d00000,0x00000000d5e17540,0x00000000d5e80000)
  to   space 1536K, 0% used [0x00000000d5e80000,0x00000000d5e80000,0x00000000d6000000)
 ParOldGen       total 910336K, used 144407K [0x0000000080000000, 0x00000000b7900000, 0x00000000d5580000)
  object space 910336K, 15% used [0x0000000080000000,0x0000000088d05c50,0x00000000b7900000)
 Metaspace       used 83387K, committed 85120K, reserved 1179648K
  class space    used 8699K, committed 9536K, reserved 1048576K

Card table byte_map: [0x000001ef3aaf0000,0x000001ef3af00000] _byte_map_base: 0x000001ef3a6f0000

Marking Bits: (ParMarkBitMap*) 0x00007ffa1294a340
 Begin Bits: [0x000001ef4d5f0000, 0x000001ef4f5f0000)
 End Bits:   [0x000001ef4f5f0000, 0x000001ef515f0000)

Polling page: 0x000001ef38f00000

Metaspace:

Usage:
  Non-class:     72.94 MB used.
      Class:      8.50 MB used.
       Both:     81.43 MB used.

Virtual space:
  Non-class space:      128.00 MB reserved,      73.81 MB ( 58%) committed,  2 nodes.
      Class space:        1.00 GB reserved,       9.31 MB ( <1%) committed,  1 nodes.
             Both:        1.12 GB reserved,      83.12 MB (  7%) committed. 

Chunk freelists:
   Non-Class:  5.98 MB
       Class:  6.93 MB
        Both:  12.91 MB

MaxMetaspaceSize: unlimited
CompressedClassSpaceSize: 1.00 GB
Initial GC threshold: 21.00 MB
Current GC threshold: 138.25 MB
CDS: on
 - commit_granule_bytes: 65536.
 - commit_granule_words: 8192.
 - virtual_space_node_default_size: 8388608.
 - enlarge_chunks_in_place: 1.
 - use_allocation_guard: 0.


Internal statistics:

num_allocs_failed_limit: 9.
num_arena_births: 1478.
num_arena_deaths: 406.
num_vsnodes_births: 3.
num_vsnodes_deaths: 0.
num_space_committed: 1334.
num_space_uncommitted: 3.
num_chunks_returned_to_freelist: 518.
num_chunks_taken_from_freelist: 5388.
num_chunk_merges: 141.
num_chunk_splits: 3210.
num_chunks_enlarged: 1859.
num_inconsistent_stats: 0.

CodeHeap 'non-profiled nmethods': size=120000Kb used=15201Kb max_used=15201Kb free=104798Kb
 bounds [0x000001ef45e10000, 0x000001ef46cf0000, 0x000001ef4d340000]
CodeHeap 'profiled nmethods': size=120000Kb used=39362Kb max_used=41102Kb free=80637Kb
 bounds [0x000001ef3e340000, 0x000001ef40b90000, 0x000001ef45870000]
CodeHeap 'non-nmethods': size=5760Kb used=1520Kb max_used=1604Kb free=4239Kb
 bounds [0x000001ef45870000, 0x000001ef45ae0000, 0x000001ef45e10000]
CodeCache: size=245760Kb, used=56083Kb, max_used=57907Kb, free=189674Kb
 total_blobs=17137, nmethods=16303, adapters=738, full_count=0
Compilation: enabled, stopped_count=0, restarted_count=0

Compilation events (20 events):
Event: 92165.377 Thread 0x000001ef9900d880 18391       4       java.lang.ref.ReferenceQueue::poll0 (65 bytes)
Event: 92165.411 Thread 0x000001ef9900d880 nmethod 18391 0x000001ef45fa7490 code [0x000001ef45fa7620, 0x000001ef45fa7768]
Event: 95151.428 Thread 0x000001ef9900e4c0 18392       3       org.eclipse.core.internal.jobs.InternalJob::<init> (100 bytes)
Event: 95151.517 Thread 0x000001ef9900e4c0 nmethod 18392 0x000001ef3f2b2b10 code [0x000001ef3f2b2dc0, 0x000001ef3f2b3c88]
Event: 97851.537 Thread 0x000001ef9900e4c0 18394       3       org.eclipse.core.runtime.jobs.Job::<init> (6 bytes)
Event: 97851.542 Thread 0x000001ef9900e4c0 nmethod 18394 0x000001ef3e927210 code [0x000001ef3e9273c0, 0x000001ef3e9274f8]
Event: 98144.284 Thread 0x000001ef9900d880 18395       4       java.util.concurrent.ThreadPoolExecutor::ensurePrestart (41 bytes)
Event: 98144.295 Thread 0x000001ef9900d880 nmethod 18395 0x000001ef45fa6f10 code [0x000001ef45fa70a0, 0x000001ef45fa7190]
Event: 98151.372 Thread 0x000001ef9900d880 18396   !   4       java.util.concurrent.ScheduledThreadPoolExecutor$DelayedWorkQueue::offer (123 bytes)
Event: 98151.488 Thread 0x000001ef9900d880 nmethod 18396 0x000001ef461fd110 code [0x000001ef461fd340, 0x000001ef461fd9e8]
Event: 98154.289 Thread 0x000001ef9900d880 18397       4       java.util.concurrent.ScheduledThreadPoolExecutor$ScheduledFutureTask::setNextRunTime (38 bytes)
Event: 98154.292 Thread 0x000001ef9900d880 nmethod 18397 0x000001ef461fcd10 code [0x000001ef461fcea0, 0x000001ef461fcff0]
Event: 98164.301 Thread 0x000001ef9900d880 18398       4       java.util.concurrent.ScheduledThreadPoolExecutor$ScheduledFutureTask::run (57 bytes)
Event: 98164.424 Thread 0x000001ef9900d880 nmethod 18398 0x000001ef461fae90 code [0x000001ef461fb160, 0x000001ef461fbfc0]
Event: 98164.424 Thread 0x000001ef9900d880 18399   !   4       java.util.concurrent.FutureTask::runAndReset (125 bytes)
Event: 98164.429 Thread 0x000001ef9900d880 nmethod 18399 0x000001ef461fa790 code [0x000001ef461fa960, 0x000001ef461fabf0]
Event: 101491.235 Thread 0x000001ef9900d880 18400       4       java.util.concurrent.locks.AbstractQueuedSynchronizer$Node::clearStatus (12 bytes)
Event: 101491.237 Thread 0x000001ef9900d880 nmethod 18400 0x000001ef461fa490 code [0x000001ef461fa620, 0x000001ef461fa6b0]
Event: 102031.318 Thread 0x000001ef9900d880 18401   !   4       java.util.concurrent.locks.LockSupport::parkNanos (56 bytes)
Event: 102031.322 Thread 0x000001ef9900d880 nmethod 18401 0x000001ef461fa010 code [0x000001ef461fa1c0, 0x000001ef461fa338]

GC Heap History (20 events):
Event: 3813.291 GC heap before
{Heap before GC invocations=1226 (full 4):
 PSYoungGen      total 8704K, used 7039K [0x00000000d5580000, 0x00000000d5f00000, 0x0000000100000000)
  eden space 8192K, 83% used [0x00000000d5580000,0x00000000d5c27f98,0x00000000d5d80000)
  from space 512K, 43% used [0x00000000d5e00000,0x00000000d5e38000,0x00000000d5e80000)
  to   space 512K, 0% used [0x00000000d5e80000,0x00000000d5e80000,0x00000000d5f00000)
 ParOldGen       total 910336K, used 141828K [0x0000000080000000, 0x00000000b7900000, 0x00000000d5580000)
  object space 910336K, 15% used [0x0000000080000000,0x0000000088a81308,0x00000000b7900000)
 Metaspace       used 82771K, committed 84928K, reserved 1179648K
  class space    used 8660K, committed 9536K, reserved 1048576K
}
Event: 3813.292 GC heap after
{Heap after GC invocations=1226 (full 4):
 PSYoungGen      total 8704K, used 256K [0x00000000d5580000, 0x00000000d5f00000, 0x0000000100000000)
  eden space 8192K, 0% used [0x00000000d5580000,0x00000000d5580000,0x00000000d5d80000)
  from space 512K, 50% used [0x00000000d5e80000,0x00000000d5ec0000,0x00000000d5f00000)
  to   space 512K, 0% used [0x00000000d5e00000,0x00000000d5e00000,0x00000000d5e80000)
 ParOldGen       total 910336K, used 141884K [0x0000000080000000, 0x00000000b7900000, 0x00000000d5580000)
  object space 910336K, 15% used [0x0000000080000000,0x0000000088a8f308,0x00000000b7900000)
 Metaspace       used 82771K, committed 84928K, reserved 1179648K
  class space    used 8660K, committed 9536K, reserved 1048576K
}
Event: 3813.313 GC heap before
{Heap before GC invocations=1227 (full 4):
 PSYoungGen      total 8704K, used 7922K [0x00000000d5580000, 0x00000000d5f00000, 0x0000000100000000)
  eden space 8192K, 93% used [0x00000000d5580000,0x00000000d5cfc9f8,0x00000000d5d80000)
  from space 512K, 50% used [0x00000000d5e80000,0x00000000d5ec0000,0x00000000d5f00000)
  to   space 512K, 0% used [0x00000000d5e00000,0x00000000d5e00000,0x00000000d5e80000)
 ParOldGen       total 910336K, used 141884K [0x0000000080000000, 0x00000000b7900000, 0x00000000d5580000)
  object space 910336K, 15% used [0x0000000080000000,0x0000000088a8f308,0x00000000b7900000)
 Metaspace       used 82771K, committed 84928K, reserved 1179648K
  class space    used 8660K, committed 9536K, reserved 1048576K
}
Event: 3813.314 GC heap after
{Heap after GC invocations=1227 (full 4):
 PSYoungGen      total 8704K, used 218K [0x00000000d5580000, 0x00000000d5f00000, 0x0000000100000000)
  eden space 8192K, 0% used [0x00000000d5580000,0x00000000d5580000,0x00000000d5d80000)
  from space 512K, 42% used [0x00000000d5e00000,0x00000000d5e36900,0x00000000d5e80000)
  to   space 512K, 0% used [0x00000000d5e80000,0x00000000d5e80000,0x00000000d5f00000)
 ParOldGen       total 910336K, used 141964K [0x0000000080000000, 0x00000000b7900000, 0x00000000d5580000)
  object space 910336K, 15% used [0x0000000080000000,0x0000000088aa3308,0x00000000b7900000)
 Metaspace       used 82771K, committed 84928K, reserved 1179648K
  class space    used 8660K, committed 9536K, reserved 1048576K
}
Event: 4093.549 GC heap before
{Heap before GC invocations=1228 (full 4):
 PSYoungGen      total 8704K, used 8410K [0x00000000d5580000, 0x00000000d5f00000, 0x0000000100000000)
  eden space 8192K, 99% used [0x00000000d5580000,0x00000000d5d7ffe8,0x00000000d5d80000)
  from space 512K, 42% used [0x00000000d5e00000,0x00000000d5e36900,0x00000000d5e80000)
  to   space 512K, 0% used [0x00000000d5e80000,0x00000000d5e80000,0x00000000d5f00000)
 ParOldGen       total 910336K, used 141964K [0x0000000080000000, 0x00000000b7900000, 0x00000000d5580000)
  object space 910336K, 15% used [0x0000000080000000,0x0000000088aa3308,0x00000000b7900000)
 Metaspace       used 82831K, committed 84928K, reserved 1179648K
  class space    used 8668K, committed 9536K, reserved 1048576K
}
Event: 4093.613 GC heap after
{Heap after GC invocations=1228 (full 4):
 PSYoungGen      total 8704K, used 320K [0x00000000d5580000, 0x00000000d5f00000, 0x0000000100000000)
  eden space 8192K, 0% used [0x00000000d5580000,0x00000000d5580000,0x00000000d5d80000)
  from space 512K, 62% used [0x00000000d5e80000,0x00000000d5ed0000,0x00000000d5f00000)
  to   space 512K, 0% used [0x00000000d5e00000,0x00000000d5e00000,0x00000000d5e80000)
 ParOldGen       total 910336K, used 142004K [0x0000000080000000, 0x00000000b7900000, 0x00000000d5580000)
  object space 910336K, 15% used [0x0000000080000000,0x0000000088aad308,0x00000000b7900000)
 Metaspace       used 82831K, committed 84928K, reserved 1179648K
  class space    used 8668K, committed 9536K, reserved 1048576K
}
Event: 11981.264 GC heap before
{Heap before GC invocations=1229 (full 4):
 PSYoungGen      total 8704K, used 8511K [0x00000000d5580000, 0x00000000d5f00000, 0x0000000100000000)
  eden space 8192K, 99% used [0x00000000d5580000,0x00000000d5d7ffb0,0x00000000d5d80000)
  from space 512K, 62% used [0x00000000d5e80000,0x00000000d5ed0000,0x00000000d5f00000)
  to   space 512K, 0% used [0x00000000d5e00000,0x00000000d5e00000,0x00000000d5e80000)
 ParOldGen       total 910336K, used 142004K [0x0000000080000000, 0x00000000b7900000, 0x00000000d5580000)
  object space 910336K, 15% used [0x0000000080000000,0x0000000088aad308,0x00000000b7900000)
 Metaspace       used 83096K, committed 84928K, reserved 1179648K
  class space    used 8694K, committed 9536K, reserved 1048576K
}
Event: 11981.318 GC heap after
{Heap after GC invocations=1229 (full 4):
 PSYoungGen      total 8704K, used 506K [0x00000000d5580000, 0x00000000d6080000, 0x0000000100000000)
  eden space 8192K, 0% used [0x00000000d5580000,0x00000000d5580000,0x00000000d5d80000)
  from space 512K, 98% used [0x00000000d5e00000,0x00000000d5e7e940,0x00000000d5e80000)
  to   space 1536K, 0% used [0x00000000d5f00000,0x00000000d5f00000,0x00000000d6080000)
 ParOldGen       total 910336K, used 142832K [0x0000000080000000, 0x00000000b7900000, 0x00000000d5580000)
  object space 910336K, 15% used [0x0000000080000000,0x0000000088b7c038,0x00000000b7900000)
 Metaspace       used 83096K, committed 84928K, reserved 1179648K
  class space    used 8694K, committed 9536K, reserved 1048576K
}
Event: 11981.488 GC heap before
{Heap before GC invocations=1230 (full 4):
 PSYoungGen      total 8704K, used 8698K [0x00000000d5580000, 0x00000000d6080000, 0x0000000100000000)
  eden space 8192K, 100% used [0x00000000d5580000,0x00000000d5d80000,0x00000000d5d80000)
  from space 512K, 98% used [0x00000000d5e00000,0x00000000d5e7e940,0x00000000d5e80000)
  to   space 1536K, 0% used [0x00000000d5f00000,0x00000000d5f00000,0x00000000d6080000)
 ParOldGen       total 910336K, used 142832K [0x0000000080000000, 0x00000000b7900000, 0x00000000d5580000)
  object space 910336K, 15% used [0x0000000080000000,0x0000000088b7c038,0x00000000b7900000)
 Metaspace       used 83112K, committed 84928K, reserved 1179648K
  class space    used 8697K, committed 9536K, reserved 1048576K
}
Event: 11981.494 GC heap after
{Heap after GC invocations=1230 (full 4):
 PSYoungGen      total 9728K, used 932K [0x00000000d5580000, 0x00000000d6080000, 0x0000000100000000)
  eden space 8192K, 0% used [0x00000000d5580000,0x00000000d5580000,0x00000000d5d80000)
  from space 1536K, 60% used [0x00000000d5f00000,0x00000000d5fe9210,0x00000000d6080000)
  to   space 1536K, 0% used [0x00000000d5d80000,0x00000000d5d80000,0x00000000d5f00000)
 ParOldGen       total 910336K, used 143308K [0x0000000080000000, 0x00000000b7900000, 0x00000000d5580000)
  object space 910336K, 15% used [0x0000000080000000,0x0000000088bf32b0,0x00000000b7900000)
 Metaspace       used 83112K, committed 84928K, reserved 1179648K
  class space    used 8697K, committed 9536K, reserved 1048576K
}
Event: 13284.190 GC heap before
{Heap before GC invocations=1231 (full 4):
 PSYoungGen      total 9728K, used 8427K [0x00000000d5580000, 0x00000000d6080000, 0x0000000100000000)
  eden space 8192K, 91% used [0x00000000d5580000,0x00000000d5cd1a40,0x00000000d5d80000)
  from space 1536K, 60% used [0x00000000d5f00000,0x00000000d5fe9210,0x00000000d6080000)
  to   space 1536K, 0% used [0x00000000d5d80000,0x00000000d5d80000,0x00000000d5f00000)
 ParOldGen       total 910336K, used 143308K [0x0000000080000000, 0x00000000b7900000, 0x00000000d5580000)
  object space 910336K, 15% used [0x0000000080000000,0x0000000088bf32b0,0x00000000b7900000)
 Metaspace       used 83142K, committed 84928K, reserved 1179648K
  class space    used 8698K, committed 9536K, reserved 1048576K
}
Event: 13284.228 GC heap after
{Heap after GC invocations=1231 (full 4):
 PSYoungGen      total 8704K, used 256K [0x00000000d5580000, 0x00000000d5f80000, 0x0000000100000000)
  eden space 8192K, 0% used [0x00000000d5580000,0x00000000d5580000,0x00000000d5d80000)
  from space 512K, 50% used [0x00000000d5d80000,0x00000000d5dc0000,0x00000000d5e00000)
  to   space 1024K, 0% used [0x00000000d5e80000,0x00000000d5e80000,0x00000000d5f80000)
 ParOldGen       total 910336K, used 143812K [0x0000000080000000, 0x00000000b7900000, 0x00000000d5580000)
  object space 910336K, 15% used [0x0000000080000000,0x0000000088c712b0,0x00000000b7900000)
 Metaspace       used 83142K, committed 84928K, reserved 1179648K
  class space    used 8698K, committed 9536K, reserved 1048576K
}
Event: 13620.608 GC heap before
{Heap before GC invocations=1232 (full 4):
 PSYoungGen      total 8704K, used 8448K [0x00000000d5580000, 0x00000000d5f80000, 0x0000000100000000)
  eden space 8192K, 100% used [0x00000000d5580000,0x00000000d5d80000,0x00000000d5d80000)
  from space 512K, 50% used [0x00000000d5d80000,0x00000000d5dc0000,0x00000000d5e00000)
  to   space 1024K, 0% used [0x00000000d5e80000,0x00000000d5e80000,0x00000000d5f80000)
 ParOldGen       total 910336K, used 143812K [0x0000000080000000, 0x00000000b7900000, 0x00000000d5580000)
  object space 910336K, 15% used [0x0000000080000000,0x0000000088c712b0,0x00000000b7900000)
 Metaspace       used 83178K, committed 84992K, reserved 1179648K
  class space    used 8698K, committed 9536K, reserved 1048576K
}
Event: 13620.616 GC heap after
{Heap after GC invocations=1232 (full 4):
 PSYoungGen      total 8704K, used 1005K [0x00000000d5580000, 0x00000000d6080000, 0x0000000100000000)
  eden space 7680K, 0% used [0x00000000d5580000,0x00000000d5580000,0x00000000d5d00000)
  from space 1024K, 98% used [0x00000000d5e80000,0x00000000d5f7b510,0x00000000d5f80000)
  to   space 1536K, 0% used [0x00000000d5d00000,0x00000000d5d00000,0x00000000d5e80000)
 ParOldGen       total 910336K, used 143966K [0x0000000080000000, 0x00000000b7900000, 0x00000000d5580000)
  object space 910336K, 15% used [0x0000000080000000,0x0000000088c97bb0,0x00000000b7900000)
 Metaspace       used 83178K, committed 84992K, reserved 1179648K
  class space    used 8698K, committed 9536K, reserved 1048576K
}
Event: 13680.194 GC heap before
{Heap before GC invocations=1233 (full 4):
 PSYoungGen      total 8704K, used 8685K [0x00000000d5580000, 0x00000000d6080000, 0x0000000100000000)
  eden space 7680K, 100% used [0x00000000d5580000,0x00000000d5d00000,0x00000000d5d00000)
  from space 1024K, 98% used [0x00000000d5e80000,0x00000000d5f7b510,0x00000000d5f80000)
  to   space 1536K, 0% used [0x00000000d5d00000,0x00000000d5d00000,0x00000000d5e80000)
 ParOldGen       total 910336K, used 143966K [0x0000000080000000, 0x00000000b7900000, 0x00000000d5580000)
  object space 910336K, 15% used [0x0000000080000000,0x0000000088c97bb0,0x00000000b7900000)
 Metaspace       used 83219K, committed 84992K, reserved 1179648K
  class space    used 8698K, committed 9536K, reserved 1048576K
}
Event: 13680.213 GC heap after
{Heap after GC invocations=1233 (full 4):
 PSYoungGen      total 9216K, used 1181K [0x00000000d5580000, 0x00000000d6000000, 0x0000000100000000)
  eden space 7680K, 0% used [0x00000000d5580000,0x00000000d5580000,0x00000000d5d00000)
  from space 1536K, 76% used [0x00000000d5d00000,0x00000000d5e27560,0x00000000d5e80000)
  to   space 1536K, 0% used [0x00000000d5e80000,0x00000000d5e80000,0x00000000d6000000)
 ParOldGen       total 910336K, used 144046K [0x0000000080000000, 0x00000000b7900000, 0x00000000d5580000)
  object space 910336K, 15% used [0x0000000080000000,0x0000000088cabbc0,0x00000000b7900000)
 Metaspace       used 83219K, committed 84992K, reserved 1179648K
  class space    used 8698K, committed 9536K, reserved 1048576K
}
Event: 13693.904 GC heap before
{Heap before GC invocations=1234 (full 4):
 PSYoungGen      total 9216K, used 8861K [0x00000000d5580000, 0x00000000d6000000, 0x0000000100000000)
  eden space 7680K, 100% used [0x00000000d5580000,0x00000000d5d00000,0x00000000d5d00000)
  from space 1536K, 76% used [0x00000000d5d00000,0x00000000d5e27560,0x00000000d5e80000)
  to   space 1536K, 0% used [0x00000000d5e80000,0x00000000d5e80000,0x00000000d6000000)
 ParOldGen       total 910336K, used 144046K [0x0000000080000000, 0x00000000b7900000, 0x00000000d5580000)
  object space 910336K, 15% used [0x0000000080000000,0x0000000088cabbc0,0x00000000b7900000)
 Metaspace       used 83311K, committed 85056K, reserved 1179648K
  class space    used 8698K, committed 9536K, reserved 1048576K
}
Event: 13693.908 GC heap after
{Heap after GC invocations=1234 (full 4):
 PSYoungGen      total 9216K, used 1197K [0x00000000d5580000, 0x00000000d6000000, 0x0000000100000000)
  eden space 7680K, 0% used [0x00000000d5580000,0x00000000d5580000,0x00000000d5d00000)
  from space 1536K, 77% used [0x00000000d5e80000,0x00000000d5fab530,0x00000000d6000000)
  to   space 1536K, 0% used [0x00000000d5d00000,0x00000000d5d00000,0x00000000d5e80000)
 ParOldGen       total 910336K, used 144263K [0x0000000080000000, 0x00000000b7900000, 0x00000000d5580000)
  object space 910336K, 15% used [0x0000000080000000,0x0000000088ce1c20,0x00000000b7900000)
 Metaspace       used 83311K, committed 85056K, reserved 1179648K
  class space    used 8698K, committed 9536K, reserved 1048576K
}
Event: 13714.550 GC heap before
{Heap before GC invocations=1235 (full 4):
 PSYoungGen      total 9216K, used 8877K [0x00000000d5580000, 0x00000000d6000000, 0x0000000100000000)
  eden space 7680K, 100% used [0x00000000d5580000,0x00000000d5d00000,0x00000000d5d00000)
  from space 1536K, 77% used [0x00000000d5e80000,0x00000000d5fab530,0x00000000d6000000)
  to   space 1536K, 0% used [0x00000000d5d00000,0x00000000d5d00000,0x00000000d5e80000)
 ParOldGen       total 910336K, used 144263K [0x0000000080000000, 0x00000000b7900000, 0x00000000d5580000)
  object space 910336K, 15% used [0x0000000080000000,0x0000000088ce1c20,0x00000000b7900000)
 Metaspace       used 83343K, committed 85056K, reserved 1179648K
  class space    used 8699K, committed 9536K, reserved 1048576K
}
Event: 13714.553 GC heap after
{Heap after GC invocations=1235 (full 4):
 PSYoungGen      total 9216K, used 1117K [0x00000000d5580000, 0x00000000d6000000, 0x0000000100000000)
  eden space 7680K, 0% used [0x00000000d5580000,0x00000000d5580000,0x00000000d5d00000)
  from space 1536K, 72% used [0x00000000d5d00000,0x00000000d5e17540,0x00000000d5e80000)
  to   space 1536K, 0% used [0x00000000d5e80000,0x00000000d5e80000,0x00000000d6000000)
 ParOldGen       total 910336K, used 144407K [0x0000000080000000, 0x00000000b7900000, 0x00000000d5580000)
  object space 910336K, 15% used [0x0000000080000000,0x0000000088d05c50,0x00000000b7900000)
 Metaspace       used 83343K, committed 85056K, reserved 1179648K
  class space    used 8699K, committed 9536K, reserved 1048576K
}

Dll operation events (14 events):
Event: 0.018 Loaded shared library c:\Users\supriya singh\.vscode\extensions\redhat.java-1.44.0-win32-x64\jre\21.0.8-win32-x86_64\bin\java.dll
Event: 0.664 Loaded shared library c:\Users\supriya singh\.vscode\extensions\redhat.java-1.44.0-win32-x64\jre\21.0.8-win32-x86_64\bin\zip.dll
Event: 0.718 Loaded shared library C:\Users\supriya singh\.vscode\extensions\redhat.java-1.44.0-win32-x64\jre\21.0.8-win32-x86_64\bin\instrument.dll
Event: 0.723 Loaded shared library C:\Users\supriya singh\.vscode\extensions\redhat.java-1.44.0-win32-x64\jre\21.0.8-win32-x86_64\bin\net.dll
Event: 0.726 Loaded shared library C:\Users\supriya singh\.vscode\extensions\redhat.java-1.44.0-win32-x64\jre\21.0.8-win32-x86_64\bin\nio.dll
Event: 0.730 Loaded shared library C:\Users\supriya singh\.vscode\extensions\redhat.java-1.44.0-win32-x64\jre\21.0.8-win32-x86_64\bin\zip.dll
Event: 0.745 Loaded shared library C:\Users\supriya singh\.vscode\extensions\redhat.java-1.44.0-win32-x64\jre\21.0.8-win32-x86_64\bin\jimage.dll
Event: 0.843 Loaded shared library c:\Users\supriya singh\.vscode\extensions\redhat.java-1.44.0-win32-x64\jre\21.0.8-win32-x86_64\bin\verify.dll
Event: 7.110 Loaded shared library C:\Users\supriya singh\AppData\Roaming\Code\User\globalStorage\redhat.java\1.44.0\config_win\org.eclipse.equinox.launcher\org.eclipse.equinox.launcher.win32.win32.x86_64_1.2.1400.v20250730-1736\eclipse_11913.dll
Event: 13.329 Loaded shared library C:\Users\supriya singh\.vscode\extensions\redhat.java-1.44.0-win32-x64\jre\21.0.8-win32-x86_64\bin\management.dll
Event: 13.332 Loaded shared library C:\Users\supriya singh\.vscode\extensions\redhat.java-1.44.0-win32-x64\jre\21.0.8-win32-x86_64\bin\management_ext.dll
Event: 14.340 Loaded shared library C:\Users\supriya singh\AppData\Local\Temp\jna--945009498\jna3217462676355380022.dll
Event: 14.735 Loaded shared library C:\Users\supriya singh\.vscode\extensions\redhat.java-1.44.0-win32-x64\jre\21.0.8-win32-x86_64\bin\sunmscapi.dll
Event: 14.864 Loaded shared library C:\Users\supriya singh\.vscode\extensions\redhat.java-1.44.0-win32-x64\jre\21.0.8-win32-x86_64\bin\extnet.dll

Deoptimization events (20 events):
Event: 13620.750 Thread 0x000001ef9a34a810 Uncommon trap: trap_request=0xffffffbe fr.pc=0x000001ef46000aa8 relative=0x0000000000000108
Event: 13620.750 Thread 0x000001ef9a34a810 Uncommon trap: reason=profile_predicate action=maybe_recompile pc=0x000001ef46000aa8 method=org.eclipse.jdt.core.compiler.CharOperation.splitAndTrimOn(C[C)[[C @ 175 c2
Event: 13620.750 Thread 0x000001ef9a34a810 DEOPT PACKING pc=0x000001ef46000aa8 sp=0x0000008357ffe630
Event: 13620.750 Thread 0x000001ef9a34a810 DEOPT UNPACKING pc=0x000001ef458c6da2 sp=0x0000008357ffe598 mode 2
Event: 13620.750 Thread 0x000001ef9a34a810 Uncommon trap: trap_request=0xffffffbe fr.pc=0x000001ef46000aa8 relative=0x0000000000000108
Event: 13620.750 Thread 0x000001ef9a34a810 Uncommon trap: reason=profile_predicate action=maybe_recompile pc=0x000001ef46000aa8 method=org.eclipse.jdt.core.compiler.CharOperation.splitAndTrimOn(C[C)[[C @ 175 c2
Event: 13620.750 Thread 0x000001ef9a34a810 DEOPT PACKING pc=0x000001ef46000aa8 sp=0x0000008357ffe630
Event: 13620.750 Thread 0x000001ef9a34a810 DEOPT UNPACKING pc=0x000001ef458c6da2 sp=0x0000008357ffe598 mode 2
Event: 13620.750 Thread 0x000001ef9a34a810 Uncommon trap: trap_request=0xffffffbe fr.pc=0x000001ef46000aa8 relative=0x0000000000000108
Event: 13620.750 Thread 0x000001ef9a34a810 Uncommon trap: reason=profile_predicate action=maybe_recompile pc=0x000001ef46000aa8 method=org.eclipse.jdt.core.compiler.CharOperation.splitAndTrimOn(C[C)[[C @ 175 c2
Event: 13620.750 Thread 0x000001ef9a34a810 DEOPT PACKING pc=0x000001ef46000aa8 sp=0x0000008357ffe6b0
Event: 13620.750 Thread 0x000001ef9a34a810 DEOPT UNPACKING pc=0x000001ef458c6da2 sp=0x0000008357ffe618 mode 2
Event: 98154.289 Thread 0x000001ef99b9d980 Uncommon trap: trap_request=0xffffffd6 fr.pc=0x000001ef461fd774 relative=0x0000000000000434
Event: 98154.290 Thread 0x000001ef99b9d980 Uncommon trap: reason=array_check action=maybe_recompile pc=0x000001ef461fd774 method=java.util.concurrent.ScheduledThreadPoolExecutor$DelayedWorkQueue.offer(Ljava/lang/Runnable;)Z @ 65 c2
Event: 98154.290 Thread 0x000001ef99b9d980 DEOPT PACKING pc=0x000001ef461fd774 sp=0x0000008359fff0b0
Event: 98154.294 Thread 0x000001ef99b9d980 DEOPT UNPACKING pc=0x000001ef458c6da2 sp=0x0000008359fff030 mode 2
Event: 98164.325 Thread 0x000001ef99b9d980 Uncommon trap: trap_request=0xffffffd6 fr.pc=0x000001ef461fd774 relative=0x0000000000000434
Event: 98164.325 Thread 0x000001ef99b9d980 Uncommon trap: reason=array_check action=maybe_recompile pc=0x000001ef461fd774 method=java.util.concurrent.ScheduledThreadPoolExecutor$DelayedWorkQueue.offer(Ljava/lang/Runnable;)Z @ 65 c2
Event: 98164.325 Thread 0x000001ef99b9d980 DEOPT PACKING pc=0x000001ef461fd774 sp=0x0000008359fff0b0
Event: 98164.326 Thread 0x000001ef99b9d980 DEOPT UNPACKING pc=0x000001ef458c6da2 sp=0x0000008359fff030 mode 2

Classes loaded (20 events):
Event: 3801.046 Loading class java/util/regex/Pattern$Bound
Event: 3801.046 Loading class java/util/regex/Pattern$Bound done
Event: 3805.997 Loading class java/util/HashMap$UnsafeHolder
Event: 3805.998 Loading class java/util/HashMap$UnsafeHolder done
Event: 3805.999 Loading class java/io/ObjectStreamClass$RecordSupport
Event: 3806.000 Loading class java/io/ObjectStreamClass$RecordSupport done
Event: 3806.004 Loading class java/io/ObjectStreamClass$DeserializationConstructorsCache$Key$Lookup
Event: 3806.005 Loading class java/io/ObjectStreamClass$DeserializationConstructorsCache$Key
Event: 3806.005 Loading class java/io/ObjectStreamClass$DeserializationConstructorsCache$Key done
Event: 3806.005 Loading class java/io/ObjectStreamClass$DeserializationConstructorsCache$Key$Lookup done
Event: 3806.014 Loading class java/lang/invoke/BoundMethodHandle$Species_LIL
Event: 3806.014 Loading class java/lang/invoke/BoundMethodHandle$Species_LIL done
Event: 3806.026 Loading class java/io/ObjectStreamClass$DeserializationConstructorsCache$Key$Impl
Event: 3806.026 Loading class java/io/ObjectStreamClass$DeserializationConstructorsCache$Key$Impl done
Event: 3809.157 Loading class jdk/internal/module/IllegalAccessLogger
Event: 3809.157 Loading class jdk/internal/module/IllegalAccessLogger done
Event: 3809.234 Loading class jdk/internal/module/IllegalAccessLogger
Event: 3809.234 Loading class jdk/internal/module/IllegalAccessLogger done
Event: 11980.465 Loading class javax/xml/transform/TransformerConfigurationException
Event: 11980.469 Loading class javax/xml/transform/TransformerConfigurationException done

Classes unloaded (20 events):
Event: 3811.177 Thread 0x000001ef3b0e47c0 Unloading class 0x000001ef53017400 'java/lang/invoke/LambdaForm$MH+0x000001ef53017400'
Event: 3811.177 Thread 0x000001ef3b0e47c0 Unloading class 0x000001ef53016400 'java/lang/invoke/LambdaForm$MH+0x000001ef53016400'
Event: 3811.177 Thread 0x000001ef3b0e47c0 Unloading class 0x000001ef5300d800 'java/lang/invoke/LambdaForm$MH+0x000001ef5300d800'
Event: 3811.177 Thread 0x000001ef3b0e47c0 Unloading class 0x000001ef5300d400 'java/lang/invoke/LambdaForm$MH+0x000001ef5300d400'
Event: 3811.177 Thread 0x000001ef3b0e47c0 Unloading class 0x000001ef5300d000 'java/lang/invoke/LambdaForm$MH+0x000001ef5300d000'
Event: 3811.177 Thread 0x000001ef3b0e47c0 Unloading class 0x000001ef5300cc00 'java/lang/invoke/LambdaForm$MH+0x000001ef5300cc00'
Event: 3811.177 Thread 0x000001ef3b0e47c0 Unloading class 0x000001ef5300c800 'java/lang/invoke/LambdaForm$BMH+0x000001ef5300c800'
Event: 3811.177 Thread 0x000001ef3b0e47c0 Unloading class 0x000001ef5300c000 'java/lang/invoke/LambdaForm$DMH+0x000001ef5300c000'
Event: 3811.177 Thread 0x000001ef3b0e47c0 Unloading class 0x000001ef53008c00 'java/lang/invoke/LambdaForm$MH+0x000001ef53008c00'
Event: 3811.177 Thread 0x000001ef3b0e47c0 Unloading class 0x000001ef53008800 'java/lang/invoke/LambdaForm$MH+0x000001ef53008800'
Event: 3811.177 Thread 0x000001ef3b0e47c0 Unloading class 0x000001ef53008400 'java/lang/invoke/LambdaForm$MH+0x000001ef53008400'
Event: 3811.177 Thread 0x000001ef3b0e47c0 Unloading class 0x000001ef53007000 'java/lang/invoke/LambdaForm$MH+0x000001ef53007000'
Event: 3811.177 Thread 0x000001ef3b0e47c0 Unloading class 0x000001ef53006c00 'java/lang/invoke/LambdaForm$MH+0x000001ef53006c00'
Event: 3811.177 Thread 0x000001ef3b0e47c0 Unloading class 0x000001ef53006800 'java/lang/invoke/LambdaForm$MH+0x000001ef53006800'
Event: 3811.177 Thread 0x000001ef3b0e47c0 Unloading class 0x000001ef53006400 'java/lang/invoke/LambdaForm$MH+0x000001ef53006400'
Event: 3811.177 Thread 0x000001ef3b0e47c0 Unloading class 0x000001ef53005c00 'java/lang/invoke/LambdaForm$BMH+0x000001ef53005c00'
Event: 3811.177 Thread 0x000001ef3b0e47c0 Unloading class 0x000001ef53004800 'java/lang/invoke/LambdaForm$DMH+0x000001ef53004800'
Event: 3811.177 Thread 0x000001ef3b0e47c0 Unloading class 0x000001ef53002400 'java/lang/invoke/LambdaForm$MH+0x000001ef53002400'
Event: 3811.177 Thread 0x000001ef3b0e47c0 Unloading class 0x000001ef53002000 'java/lang/invoke/LambdaForm$MH+0x000001ef53002000'
Event: 3811.177 Thread 0x000001ef3b0e47c0 Unloading class 0x000001ef53001800 'java/lang/invoke/LambdaForm$MH+0x000001ef53001800'

Classes redefined (0 events):
No events

Internal exceptions (20 events):
Event: 3809.344 Thread 0x000001ef9a34a810 Exception <a 'sun/nio/fs/WindowsException'{0x00000000d5a51258}> (0x00000000d5a51258) 
thrown [s\src\hotspot\share\prims\jni.cpp, line 520]
Event: 3809.344 Thread 0x000001ef9a34a810 Exception <a 'sun/nio/fs/WindowsException'{0x00000000d5a51b20}> (0x00000000d5a51b20) 
thrown [s\src\hotspot\share\prims\jni.cpp, line 520]
Event: 3813.148 Thread 0x000001ef9a34a180 Exception <a 'sun/nio/fs/WindowsException'{0x00000000d5a28f40}> (0x00000000d5a28f40) 
thrown [s\src\hotspot\share\prims\jni.cpp, line 520]
Event: 3813.149 Thread 0x000001ef9a34a180 Exception <a 'sun/nio/fs/WindowsException'{0x00000000d5a29808}> (0x00000000d5a29808) 
thrown [s\src\hotspot\share\prims\jni.cpp, line 520]
Event: 3813.185 Thread 0x000001ef9a34a180 Exception <a 'sun/nio/fs/WindowsException'{0x00000000d5d63f58}> (0x00000000d5d63f58) 
thrown [s\src\hotspot\share\prims\jni.cpp, line 520]
Event: 3813.185 Thread 0x000001ef9a34a180 Exception <a 'sun/nio/fs/WindowsException'{0x00000000d5d64820}> (0x00000000d5d64820) 
thrown [s\src\hotspot\share\prims\jni.cpp, line 520]
Event: 3813.253 Thread 0x000001ef9a34a180 Exception <a 'sun/nio/fs/WindowsException'{0x00000000d5849708}> (0x00000000d5849708) 
thrown [s\src\hotspot\share\prims\jni.cpp, line 520]
Event: 3813.253 Thread 0x000001ef9a34a180 Exception <a 'sun/nio/fs/WindowsException'{0x00000000d5849fd0}> (0x00000000d5849fd0) 
thrown [s\src\hotspot\share\prims\jni.cpp, line 520]
Event: 3813.266 Thread 0x000001ef9a34a180 Exception <a 'sun/nio/fs/WindowsException'{0x00000000d5b7c5f0}> (0x00000000d5b7c5f0) 
thrown [s\src\hotspot\share\prims\jni.cpp, line 520]
Event: 3813.266 Thread 0x000001ef9a34a180 Exception <a 'sun/nio/fs/WindowsException'{0x00000000d5b7ceb8}> (0x00000000d5b7ceb8) 
thrown [s\src\hotspot\share\prims\jni.cpp, line 520]
Event: 3813.307 Thread 0x000001ef9a34a180 Exception <a 'sun/nio/fs/WindowsException'{0x00000000d58fcdd0}> (0x00000000d58fcdd0) 
thrown [s\src\hotspot\share\prims\jni.cpp, line 520]
Event: 3813.307 Thread 0x000001ef9a34a180 Exception <a 'sun/nio/fs/WindowsException'{0x00000000d58fd698}> (0x00000000d58fd698) 
thrown [s\src\hotspot\share\prims\jni.cpp, line 520]
Event: 3813.321 Thread 0x000001ef9a34a180 Exception <a 'sun/nio/fs/WindowsException'{0x00000000d585aa20}> (0x00000000d585aa20) 
thrown [s\src\hotspot\share\prims\jni.cpp, line 520]
Event: 3813.321 Thread 0x000001ef9a34a180 Exception <a 'sun/nio/fs/WindowsException'{0x00000000d585b2e8}> (0x00000000d585b2e8) 
thrown [s\src\hotspot\share\prims\jni.cpp, line 520]
Event: 3813.338 Thread 0x000001ef9a34a180 Exception <a 'sun/nio/fs/WindowsException'{0x00000000d5bf84f0}> (0x00000000d5bf84f0) 
thrown [s\src\hotspot\share\prims\jni.cpp, line 520]
Event: 3813.338 Thread 0x000001ef9a34a180 Exception <a 'sun/nio/fs/WindowsException'{0x00000000d5bf8db8}> (0x00000000d5bf8db8) 
thrown [s\src\hotspot\share\prims\jni.cpp, line 520]
Event: 4093.106 Thread 0x000001ef99b9d2f0 Implicit null exception at 0x000001ef4606a90e to 0x000001ef4606a9b5
Event: 4093.408 Thread 0x000001ef99b9d2f0 Implicit null exception at 0x000001ef46bfe935 to 0x000001ef46bfebb8
Event: 4093.624 Thread 0x000001ef99b9d2f0 Exception <a 'java/lang/NoSuchMethodError'{0x00000000d55b4450}: static Lorg/eclipse/m2e/core/internal/project/registry/MavenProjectFacade$MavenProjectConfiguration;.<clinit>()V> (0x00000000d55b4450) 
thrown [s\src\hotspot\share\prims\jni.cpp, line 1111]
Event: 4093.629 Thread 0x000001ef99b9d2f0 Exception <a 'java/lang/NoSuchMethodError'{0x00000000d55d7790}: static [J.<clinit>()V> (0x00000000d55d7790) 
thrown [s\src\hotspot\share\prims\jni.cpp, line 1111]

ZGC Phase Switch (0 events):
No events

VM Operations (20 events):
Event: 111814.168 Executing VM operation: HandshakeAllThreads (HandshakeForDeflation)
Event: 111814.169 Executing VM operation: HandshakeAllThreads (HandshakeForDeflation) done
Event: 111814.169 Executing VM operation: RendezvousGCThreads
Event: 111814.169 Executing VM operation: RendezvousGCThreads done
Event: 111874.299 Executing VM operation: HandshakeAllThreads (HandshakeForDeflation)
Event: 111874.299 Executing VM operation: HandshakeAllThreads (HandshakeForDeflation) done
Event: 111874.299 Executing VM operation: RendezvousGCThreads
Event: 111874.299 Executing VM operation: RendezvousGCThreads done
Event: 111934.323 Executing VM operation: HandshakeAllThreads (HandshakeForDeflation)
Event: 111934.324 Executing VM operation: HandshakeAllThreads (HandshakeForDeflation) done
Event: 111934.324 Executing VM operation: RendezvousGCThreads
Event: 111934.324 Executing VM operation: RendezvousGCThreads done
Event: 112355.030 Executing VM operation: HandshakeAllThreads (HandshakeForDeflation)
Event: 112355.030 Executing VM operation: HandshakeAllThreads (HandshakeForDeflation) done
Event: 112355.030 Executing VM operation: RendezvousGCThreads
Event: 112355.030 Executing VM operation: RendezvousGCThreads done
Event: 112415.122 Executing VM operation: HandshakeAllThreads (HandshakeForDeflation)
Event: 112415.123 Executing VM operation: HandshakeAllThreads (HandshakeForDeflation) done
Event: 112415.123 Executing VM operation: RendezvousGCThreads
Event: 112415.123 Executing VM operation: RendezvousGCThreads done

Memory protections (0 events):
No events

Nmethod flushes (20 events):
Event: 3811.682 Thread 0x000001ef3b0e47c0 flushing  nmethod 0x000001ef3f811890
Event: 3811.682 Thread 0x000001ef3b0e47c0 flushing  nmethod 0x000001ef3f815510
Event: 3811.682 Thread 0x000001ef3b0e47c0 flushing  nmethod 0x000001ef3f816010
Event: 3811.682 Thread 0x000001ef3b0e47c0 flushing  nmethod 0x000001ef3f81e410
Event: 3811.682 Thread 0x000001ef3b0e47c0 flushing  nmethod 0x000001ef3f81e890
Event: 3811.682 Thread 0x000001ef3b0e47c0 flushing  nmethod 0x000001ef3f81f310
Event: 3811.682 Thread 0x000001ef3b0e47c0 flushing  nmethod 0x000001ef3f829390
Event: 3811.682 Thread 0x000001ef3b0e47c0 flushing  nmethod 0x000001ef3f829d10
Event: 3811.683 Thread 0x000001ef3b0e47c0 flushing  nmethod 0x000001ef3f82b090
Event: 3811.683 Thread 0x000001ef3b0e47c0 flushing  nmethod 0x000001ef3f82b710
Event: 3811.683 Thread 0x000001ef3b0e47c0 flushing  nmethod 0x000001ef3f82c410
Event: 3811.683 Thread 0x000001ef3b0e47c0 flushing  nmethod 0x000001ef3f82c990
Event: 3811.683 Thread 0x000001ef3b0e47c0 flushing  nmethod 0x000001ef3f82f810
Event: 3811.683 Thread 0x000001ef3b0e47c0 flushing  nmethod 0x000001ef3f85ee10
Event: 3811.683 Thread 0x000001ef3b0e47c0 flushing  nmethod 0x000001ef3f85fe90
Event: 3811.683 Thread 0x000001ef3b0e47c0 flushing  nmethod 0x000001ef3f970e10
Event: 3811.683 Thread 0x000001ef3b0e47c0 flushing  nmethod 0x000001ef402aaa90
Event: 3811.683 Thread 0x000001ef3b0e47c0 flushing  nmethod 0x000001ef40702310
Event: 3811.683 Thread 0x000001ef3b0e47c0 flushing  nmethod 0x000001ef40702e90
Event: 3811.683 Thread 0x000001ef3b0e47c0 flushing  nmethod 0x000001ef4070cf10

Events (20 events):
Event: 13284.711 Thread 0x000001ef9a349460 Thread added: 0x000001ef9a34a180
Event: 13330.890 Thread 0x000001ef9a34bbc0 Thread exited: 0x000001ef9a34bbc0
Event: 13360.127 Thread 0x000001ef9a349460 Thread exited: 0x000001ef9a349460
Event: 13360.129 Thread 0x000001ef99b9d2f0 Thread exited: 0x000001ef99b9d2f0
Event: 13422.140 Thread 0x000001ef99ba00e0 Thread added: 0x000001ef9a34c250
Event: 13482.221 Thread 0x000001ef9a34c250 Thread exited: 0x000001ef9a34c250
Event: 13584.420 Thread 0x000001ef9a34a180 Thread added: 0x000001ef9a348740
Event: 13584.422 Thread 0x000001ef9a348740 Thread exited: 0x000001ef9a348740
Event: 13620.601 Thread 0x000001ef99b9a500 Thread added: 0x000001ef9a34a810
Event: 13620.787 Thread 0x000001ef9a346670 Thread added: 0x000001ef9a34c8e0
Event: 13626.823 Thread 0x000001ef9a34a180 Thread added: 0x000001ef9a34bbc0
Event: 13677.486 Thread 0x000001ef9a34c8e0 Thread added: 0x000001ef9a348740
Event: 13786.947 Thread 0x000001ef9a34c8e0 Thread exited: 0x000001ef9a34c8e0
Event: 13786.947 Thread 0x000001ef9a348740 Thread exited: 0x000001ef9a348740
Event: 13786.963 Thread 0x000001ef9a34bbc0 Thread exited: 0x000001ef9a34bbc0
Event: 13846.972 Thread 0x000001ef9a346670 Thread exited: 0x000001ef9a346670
Event: 13920.621 Thread 0x000001ef9a34a810 Thread added: 0x000001ef9a34aea0
Event: 13920.622 Thread 0x000001ef9a34aea0 Thread exited: 0x000001ef9a34aea0
Event: 97851.581 Thread 0x000001ef9a34a810 Thread added: 0x000001ef9a348740
Event: 97851.607 Thread 0x000001ef9a34a180 Thread exited: 0x000001ef9a34a180


Dynamic libraries:
0x00007ff609170000 - 0x00007ff60917e000 	c:\Users\supriya singh\.vscode\extensions\redhat.java-1.44.0-win32-x64\jre\21.0.8-win32-x86_64\bin\java.exe
0x00007ffa7be10000 - 0x00007ffa7c027000 	C:\WINDOWS\SYSTEM32\ntdll.dll
0x00007ffa7a550000 - 0x00007ffa7a614000 	C:\WINDOWS\System32\KERNEL32.DLL
0x00007ffa794c0000 - 0x00007ffa79892000 	C:\WINDOWS\System32\KERNELBASE.dll
0x00007ffa73de0000 - 0x00007ffa73e77000 	C:\WINDOWS\SYSTEM32\apphelp.dll
0x00007ffa78f30000 - 0x00007ffa79041000 	C:\WINDOWS\System32\ucrtbase.dll
0x00007ffa75720000 - 0x00007ffa75738000 	c:\Users\supriya singh\.vscode\extensions\redhat.java-1.44.0-win32-x64\jre\21.0.8-win32-x86_64\bin\jli.dll
0x00007ffa7a800000 - 0x00007ffa7a9b1000 	C:\WINDOWS\System32\USER32.dll
0x00007ffa799d0000 - 0x00007ffa799f6000 	C:\WINDOWS\System32\win32u.dll
0x00007ffa79ac0000 - 0x00007ffa79ae9000 	C:\WINDOWS\System32\GDI32.dll
0x00007ffa798a0000 - 0x00007ffa799c3000 	C:\WINDOWS\System32\gdi32full.dll
0x00007ffa79a00000 - 0x00007ffa79a9a000 	C:\WINDOWS\System32\msvcp_win.dll
0x00007ffa74200000 - 0x00007ffa7421e000 	c:\Users\supriya singh\.vscode\extensions\redhat.java-1.44.0-win32-x64\jre\21.0.8-win32-x86_64\bin\VCRUNTIME140.dll
0x00007ffa60450000 - 0x00007ffa606eb000 	C:\WINDOWS\WinSxS\amd64_microsoft.windows.common-controls_6595b64144ccf1df_6.0.22621.5547_none_27104afb73855772\COMCTL32.dll
0x00007ffa7b160000 - 0x00007ffa7b207000 	C:\WINDOWS\System32\msvcrt.dll
0x00007ffa7a510000 - 0x00007ffa7a541000 	C:\WINDOWS\System32\IMM32.DLL
0x00007ffa55a20000 - 0x00007ffa55b7c000 	C:\Program Files (x86)\Citrix\ICA Client\ctxapclient64.dll
0x00007ffa78f00000 - 0x00007ffa78f28000 	C:\WINDOWS\System32\bcrypt.dll
0x00007ffa7ad40000 - 0x00007ffa7b0d3000 	C:\WINDOWS\System32\combase.dll
0x00007ffa7a6e0000 - 0x00007ffa7a7f4000 	C:\WINDOWS\System32\RPCRT4.dll
0x00007ffa71430000 - 0x00007ffa7143a000 	C:\WINDOWS\SYSTEM32\VERSION.dll
0x00007ffa79ba0000 - 0x00007ffa79c51000 	C:\WINDOWS\System32\ADVAPI32.dll
0x00007ffa79af0000 - 0x00007ffa79b98000 	C:\WINDOWS\System32\sechost.dll
0x00007ffa78040000 - 0x00007ffa78074000 	C:\WINDOWS\SYSTEM32\ntmarta.dll
0x00007ffa79050000 - 0x00007ffa790cb000 	C:\WINDOWS\System32\bcryptprimitives.dll
0x00007ffa756e0000 - 0x00007ffa756ec000 	c:\Users\supriya singh\.vscode\extensions\redhat.java-1.44.0-win32-x64\jre\21.0.8-win32-x86_64\bin\vcruntime140_1.dll
0x00007ffa59aa0000 - 0x00007ffa59b2d000 	c:\Users\supriya singh\.vscode\extensions\redhat.java-1.44.0-win32-x64\jre\21.0.8-win32-x86_64\bin\msvcp140.dll
0x00007ffa11c90000 - 0x00007ffa12a27000 	c:\Users\supriya singh\.vscode\extensions\redhat.java-1.44.0-win32-x64\jre\21.0.8-win32-x86_64\bin\server\jvm.dll
0x00007ffa7b790000 - 0x00007ffa7b801000 	C:\WINDOWS\System32\WS2_32.dll
0x00007ffa78980000 - 0x00007ffa789cd000 	C:\WINDOWS\SYSTEM32\POWRPROF.dll
0x00007ffa75250000 - 0x00007ffa75284000 	C:\WINDOWS\SYSTEM32\WINMM.dll
0x00007ffa78870000 - 0x00007ffa78883000 	C:\WINDOWS\SYSTEM32\UMPDC.dll
0x00007ffa77f30000 - 0x00007ffa77f48000 	C:\WINDOWS\SYSTEM32\kernel.appcore.dll
0x00007ffa75500000 - 0x00007ffa7550a000 	c:\Users\supriya singh\.vscode\extensions\redhat.java-1.44.0-win32-x64\jre\21.0.8-win32-x86_64\bin\jimage.dll
0x00007ffa76870000 - 0x00007ffa76aa3000 	C:\WINDOWS\SYSTEM32\DBGHELP.DLL
0x000001ef3a830000 - 0x000001ef3a907000 	C:\WINDOWS\System32\OLEAUT32.dll
0x00007ffa751e0000 - 0x00007ffa75212000 	C:\WINDOWS\SYSTEM32\dbgcore.DLL
0x00007ffa754d0000 - 0x00007ffa754df000 	c:\Users\supriya singh\.vscode\extensions\redhat.java-1.44.0-win32-x64\jre\21.0.8-win32-x86_64\bin\instrument.dll
0x00007ffa704a0000 - 0x00007ffa704bf000 	c:\Users\supriya singh\.vscode\extensions\redhat.java-1.44.0-win32-x64\jre\21.0.8-win32-x86_64\bin\java.dll
0x000001ef94450000 - 0x000001ef94cf2000 	C:\WINDOWS\System32\SHELL32.dll
0x00007ffa792c0000 - 0x00007ffa793ff000 	C:\WINDOWS\System32\wintypes.dll
0x00007ffa76e30000 - 0x00007ffa7774d000 	C:\WINDOWS\SYSTEM32\windows.storage.dll
0x000001ef94d00000 - 0x000001ef94e0c000 	C:\WINDOWS\System32\SHCORE.dll
0x00007ffa7b0e0000 - 0x00007ffa7b149000 	C:\WINDOWS\System32\shlwapi.dll
0x00007ffa78e30000 - 0x00007ffa78e5b000 	C:\WINDOWS\SYSTEM32\profapi.dll
0x00007ffa610e0000 - 0x00007ffa610f8000 	c:\Users\supriya singh\.vscode\extensions\redhat.java-1.44.0-win32-x64\jre\21.0.8-win32-x86_64\bin\zip.dll
0x00007ffa75040000 - 0x00007ffa75050000 	C:\Users\supriya singh\.vscode\extensions\redhat.java-1.44.0-win32-x64\jre\21.0.8-win32-x86_64\bin\net.dll
0x00007ffa75820000 - 0x00007ffa7594c000 	C:\WINDOWS\SYSTEM32\WINHTTP.dll
0x00007ffa783b0000 - 0x00007ffa78419000 	C:\WINDOWS\system32\mswsock.dll
0x00007ffa60ff0000 - 0x00007ffa61006000 	C:\Users\supriya singh\.vscode\extensions\redhat.java-1.44.0-win32-x64\jre\21.0.8-win32-x86_64\bin\nio.dll
0x00007ffa71920000 - 0x00007ffa71930000 	c:\Users\supriya singh\.vscode\extensions\redhat.java-1.44.0-win32-x64\jre\21.0.8-win32-x86_64\bin\verify.dll
0x00007ffa5ec30000 - 0x00007ffa5ec75000 	C:\Users\supriya singh\AppData\Roaming\Code\User\globalStorage\redhat.java\1.44.0\config_win\org.eclipse.equinox.launcher\org.eclipse.equinox.launcher.win32.win32.x86_64_1.2.1400.v20250730-1736\eclipse_11913.dll
0x00007ffa7b210000 - 0x00007ffa7b3b0000 	C:\WINDOWS\System32\ole32.dll
0x00007ffa71870000 - 0x00007ffa7187a000 	C:\Users\supriya singh\.vscode\extensions\redhat.java-1.44.0-win32-x64\jre\21.0.8-win32-x86_64\bin\management.dll
0x00007ffa71820000 - 0x00007ffa7182b000 	C:\Users\supriya singh\.vscode\extensions\redhat.java-1.44.0-win32-x64\jre\21.0.8-win32-x86_64\bin\management_ext.dll
0x000001ef3b100000 - 0x000001ef3b108000 	C:\WINDOWS\System32\PSAPI.DLL
0x00007ffa78600000 - 0x00007ffa7861b000 	C:\WINDOWS\SYSTEM32\CRYPTSP.dll
0x00007ffa77e90000 - 0x00007ffa77ec7000 	C:\WINDOWS\system32\rsaenh.dll
0x00007ffa784a0000 - 0x00007ffa784c8000 	C:\WINDOWS\SYSTEM32\USERENV.dll
0x00007ffa78620000 - 0x00007ffa7862c000 	C:\WINDOWS\SYSTEM32\CRYPTBASE.dll
0x00007ffa779b0000 - 0x00007ffa779dd000 	C:\WINDOWS\SYSTEM32\IPHLPAPI.DLL
0x00007ffa7ad30000 - 0x00007ffa7ad39000 	C:\WINDOWS\System32\NSI.dll
0x00007ffa57150000 - 0x00007ffa57199000 	C:\Users\supriya singh\AppData\Local\Temp\jna--945009498\jna3217462676355380022.dll
0x00007ffa74890000 - 0x00007ffa748a9000 	C:\WINDOWS\SYSTEM32\dhcpcsvc6.DLL
0x00007ffa74870000 - 0x00007ffa7488f000 	C:\WINDOWS\SYSTEM32\dhcpcsvc.DLL
0x00007ffa71440000 - 0x00007ffa7144e000 	C:\Users\supriya singh\.vscode\extensions\redhat.java-1.44.0-win32-x64\jre\21.0.8-win32-x86_64\bin\sunmscapi.dll
0x00007ffa79150000 - 0x00007ffa792b7000 	C:\WINDOWS\System32\CRYPT32.dll
0x00007ffa78840000 - 0x00007ffa7886d000 	C:\WINDOWS\SYSTEM32\ncrypt.dll
0x00007ffa78800000 - 0x00007ffa78837000 	C:\WINDOWS\SYSTEM32\NTASN1.dll
0x00007ffa77a20000 - 0x00007ffa77b18000 	C:\WINDOWS\SYSTEM32\DNSAPI.dll
0x00007ffa74450000 - 0x00007ffa7445a000 	C:\Windows\System32\rasadhlp.dll
0x00007ffa74050000 - 0x00007ffa740d4000 	C:\WINDOWS\System32\fwpuclnt.dll
0x00007ffa70490000 - 0x00007ffa70499000 	C:\Users\supriya singh\.vscode\extensions\redhat.java-1.44.0-win32-x64\jre\21.0.8-win32-x86_64\bin\extnet.dll

JVMTI agents:
c:\Users\supriya singh\.vscode\extensions\redhat.java-1.44.0-win32-x64\lombok\lombok-1.18.39-4050.jar path:c:\Users\supriya singh\.vscode\extensions\redhat.java-1.44.0-win32-x64\jre\21.0.8-win32-x86_64\bin\instrument.dll, loaded, initialized, instrumentlib options:none

dbghelp: loaded successfully - version: 4.0.5 - missing functions: none
symbol engine: initialized successfully - sym options: 0x614 - pdb path: .;c:\Users\supriya singh\.vscode\extensions\redhat.java-1.44.0-win32-x64\jre\21.0.8-win32-x86_64\bin;C:\WINDOWS\SYSTEM32;C:\WINDOWS\WinSxS\amd64_microsoft.windows.common-controls_6595b64144ccf1df_6.0.22621.5547_none_27104afb73855772;C:\Program Files (x86)\Citrix\ICA Client;c:\Users\supriya singh\.vscode\extensions\redhat.java-1.44.0-win32-x64\jre\21.0.8-win32-x86_64\bin\server;C:\Users\supriya singh\AppData\Roaming\Code\User\globalStorage\redhat.java\1.44.0\config_win\org.eclipse.equinox.launcher\org.eclipse.equinox.launcher.win32.win32.x86_64_1.2.1400.v20250730-1736;C:\Users\supriya singh\AppData\Local\Temp\jna--945009498

VM Arguments:
jvm_args: --add-modules=ALL-SYSTEM --add-opens=java.base/java.util=ALL-UNNAMED --add-opens=java.base/java.lang=ALL-UNNAMED --add-opens=java.base/sun.nio.fs=ALL-UNNAMED -Declipse.application=org.eclipse.jdt.ls.core.id1 -Dosgi.bundles.defaultStartLevel=4 -Declipse.product=org.eclipse.jdt.ls.core.product -Djava.import.generatesMetadataFilesAtProjectRoot=false -DDetectVMInstallationsJob.disabled=true -Dfile.encoding=utf8 -XX:+UseParallelGC -XX:GCTimeRatio=4 -XX:AdaptiveSizePolicyWeight=90 -Dsun.zip.disableMemoryMapping=true -Xmx2G -Xms100m -Xlog:disable -javaagent:c:\Users\supriya singh\.vscode\extensions\redhat.java-1.44.0-win32-x64\lombok\lombok-1.18.39-4050.jar -XX:+HeapDumpOnOutOfMemoryError -XX:HeapDumpPath=c:\Users\supriya singh\AppData\Roaming\Code\User\workspaceStorage\f168fe3ed9ce20fafc18475dc6d56a86\redhat.java -Daether.dependencyCollector.impl=bf 
java_command: c:\Users\supriya singh\.vscode\extensions\redhat.java-1.44.0-win32-x64\server\plugins\org.eclipse.equinox.launcher_1.7.0.v20250519-0528.jar -configuration c:\Users\supriya singh\AppData\Roaming\Code\User\globalStorage\redhat.java\1.44.0\config_win -data c:\Users\supriya singh\AppData\Roaming\Code\User\workspaceStorage\f168fe3ed9ce20fafc18475dc6d56a86\redhat.java\jdt_ws --pipe=\\.\pipe\lsp-2b8e6f9a35a4fe133dd46159a3ae8ac3-sock
java_class_path (initial): c:\Users\supriya singh\.vscode\extensions\redhat.java-1.44.0-win32-x64\server\plugins\org.eclipse.equinox.launcher_1.7.0.v20250519-0528.jar
Launcher Type: SUN_STANDARD

[Global flags]
    uintx AdaptiveSizePolicyWeight                 = 90                                        {product} {command line}
     intx CICompilerCount                          = 4                                         {product} {ergonomic}
    uintx GCTimeRatio                              = 4                                         {product} {command line}
     bool HeapDumpOnOutOfMemoryError               = true                                   {manageable} {command line}
    ccstr HeapDumpPath                             = c:\Users\supriya singh\AppData\Roaming\Code\User\workspaceStorage\f168fe3ed9ce20fafc18475dc6d56a86\redhat.java         {manageable} {command line}
   size_t InitialHeapSize                          = 104857600                                 {product} {command line}
   size_t MaxHeapSize                              = 2147483648                                {product} {command line}
   size_t MaxNewSize                               = 715653120                                 {product} {ergonomic}
   size_t MinHeapDeltaBytes                        = 524288                                    {product} {ergonomic}
   size_t MinHeapSize                              = 104857600                                 {product} {command line}
   size_t NewSize                                  = 34603008                                  {product} {ergonomic}
    uintx NonNMethodCodeHeapSize                   = 5839372                                {pd product} {ergonomic}
    uintx NonProfiledCodeHeapSize                  = 122909434                              {pd product} {ergonomic}
   size_t OldSize                                  = 70254592                                  {product} {ergonomic}
    uintx ProfiledCodeHeapSize                     = 122909434                              {pd product} {ergonomic}
    uintx ReservedCodeCacheSize                    = 251658240                              {pd product} {ergonomic}
     bool SegmentedCodeCache                       = true                                      {product} {ergonomic}
   size_t SoftMaxHeapSize                          = 2147483648                             {manageable} {ergonomic}
     bool UseCompressedOops                        = true                           {product lp64_product} {ergonomic}
     bool UseLargePagesIndividualAllocation        = false                                  {pd product} {ergonomic}
     bool UseParallelGC                            = true                                      {product} {command line}

Logging:
Log output configuration:
 #0: stdout all=off uptime,level,tags foldmultilines=false
 #1: stderr all=off uptime,level,tags foldmultilines=false

Environment Variables:
JAVA_HOME=C:\Program Files\Java\jdk-20
PATH=C:\Program Files\Google\Chrome\Application;C:\Python312\python.exe;C:\oraclexe\app\oracle\product\10.2.0\server\bin;C:\Python311\Scripts\;C:\Python311\;C:\Program Files\Python37\Scripts\;C:\Program Files\Python37\;C:\Program Files\Common Files\Oracle\Java\javapath;C:\WINDOWS\system32;C:\WINDOWS;C:\WINDOWS\System32\Wbem;C:\WINDOWS\System32\WindowsPowerShell\v1.0\;C:\WINDOWS\System32\OpenSSH\;C:\ProgramData\chocolatey\bin;D:\New folder\bin;D:\Windows\Git\cmd;C:\Program Files\MySQL\MySQL Server 8.0\bin;C:\Users\supriya singh\AppData\Local\Google\Cloud SDK;C:\MinGW\bin;C:\Program Files\Java\jdk-11;C:\Program Files\Java\jdk-20\bin;D:\sem7\CamundaSetup\apache-maven-3.9.9-bin\apache-maven-3.9.9\bin;D:\sem7\;C:\Users\supriya singh\Scripts\;C:\Users\supriya singh\;C:\Program Files\MySQL\MySQL Shell 8.0\bin\;C:\Users\supriya singh\AppData\Local\Microsoft\WindowsApps;C:\Program Files\JetBrains\PyCharm Community Edition 2022.1.3\bin;D:\New folder\intellij\IntelliJ IDEA Community Edition 2022.3.2\bin;C:\Program Files\Java\jdk-20;C:\Users\supriya singh\AppData\Local\Microsoft\WindowsApps;D:\software\Microsoft VS Code\bin;C:\Users\supriya singh\AppData\Local\Google\Cloud SDK\google-cloud-sdk\bin;D:\sem7\IntelliJ IDEA 2024.2.0.2\bin;;C:\Users\supriya singh\AppData\Roaming\npm
USERNAME=supriya singh
OS=Windows_NT
PROCESSOR_IDENTIFIER=Intel64 Family 6 Model 140 Stepping 1, GenuineIntel
TMP=C:\Users\SUPRIY~1\AppData\Local\Temp
TEMP=C:\Users\SUPRIY~1\AppData\Local\Temp




Periodic native trim disabled

---------------  S Y S T E M  ---------------

OS:
 Windows 11 , 64 bit Build 22621 (10.0.22621.5415)
OS uptime: 7 days 9:11 hours

CPU: total 8 (initial active 8) (4 cores per cpu, 2 threads per core) family 6 model 140 stepping 1 microcode 0x8a, cx8, cmov, fxsr, ht, mmx, 3dnowpref, sse, sse2, sse3, ssse3, sse4.1, sse4.2, popcnt, lzcnt, tsc, tscinvbit, avx, avx2, aes, erms, clmul, bmi1, bmi2, adx, avx512f, avx512dq, avx512cd, avx512bw, avx512vl, sha, fma, vzeroupper, avx512_vpopcntdq, avx512_vpclmulqdq, avx512_vaes, avx512_vnni, clflush, clflushopt, clwb, avx512_vbmi2, avx512_vbmi, rdtscp, rdpid, fsrm, gfni, avx512_bitalg, f16c, pku, cet_ibt, cet_ss, avx512_ifma
Processor Information for processor 0
  Max Mhz: 2419, Current Mhz: 2419, Mhz Limit: 2419
Processor Information for processor 1
  Max Mhz: 2419, Current Mhz: 2419, Mhz Limit: 2419
Processor Information for processor 2
  Max Mhz: 2419, Current Mhz: 2419, Mhz Limit: 2419
Processor Information for processor 3
  Max Mhz: 2419, Current Mhz: 2419, Mhz Limit: 2419
Processor Information for processor 4
  Max Mhz: 2419, Current Mhz: 2419, Mhz Limit: 2419
Processor Information for processor 5
  Max Mhz: 2419, Current Mhz: 2419, Mhz Limit: 2419
Processor Information for processor 6
  Max Mhz: 2419, Current Mhz: 1209, Mhz Limit: 2419
Processor Information for processor 7
  Max Mhz: 2419, Current Mhz: 2419, Mhz Limit: 2419

Memory: 4k page, system-wide physical 7975M (441M free)
TotalPageFile size 26588M (AvailPageFile size 93M)
current process WorkingSet (physical memory assigned to process): 12M, peak: 655M
current process commit charge ("private bytes"): 1252M, peak: 1271M

vm_info: OpenJDK 64-Bit Server VM (21.0.8+9-LTS) for windows-amd64 JRE (21.0.8+9-LTS), built on 2025-07-15T00:00:00Z by "admin" with MS VC++ 17.7 (VS2022)

END.
